Exception at PC 0x00007FFE11E19E08
Unable to capture context for thread 8152 in process 10156, can not generate back trace
Unable to capture context for thread 8152 in process 10156, can not generate back trace
Exception at PC 0x00007FFDC399BB93
Printing stacktrace...

Exception at PC 0x00007FFE11E19E08
Exception at PC 0x00007FFE11E19E08
Exception at PC 0x00007FFE11E19E08
Exception at PC 0x00007FFE11E19E08
Exception at PC 0x00007FFE11E19E08
Exception at PC 0x00007FFE11E19E08
Exception at PC 0x00007FFE11E19E08
Exception at PC 0x00007FFE11E19E08
Exception at PC 0x00007FFE11E19E08
Exception at PC 0x00007FFE11E19E08
Exception at PC 0x00007FFE11E19E08
Exception at PC 0x00007FFE11E19E08
Exception at PC 0x00007FFE11E19E08
Exception at PC 0x00007FFE11E19E08
Exception at PC 0x00007FFE11E19E08
Exception at PC 0x00007FFE11E19E08
Exception at PC 0x00007FFE11E19E08
[0]  [0x00007FFDC399BB93]
[1]  [0x00007FFDC399BB93]
[2]  [0x00007FFDC399B4A1]
[3]  [0x00007FFDC399B3EF]
[4]  [0x00007FFDC39819FE]
[5]  [0x00007FFDC3980ED1]
[6]  [0x00007FFDC3980D76]
[7]  [0x00007FFDC39279F6]
[8]  [0x00007FFDC3917AFB]
[9]  [0x00007FFDC3A3E90A]
[10]  [0x00007FFDC3A59F87]
[11]  [0x00007FFDC3A5A05F]
[12] (BaseThreadInitThunk+0x14) [0x00007FFE13F82774]
[13] (RtlUserThreadStart+0x21) [0x00007FFE14B60D51]
Done
