#-----------------------------------------------------------
# Vivado v2016.2 (64-bit)
# SW Build 1577090 on Thu Jun  2 16:32:40 MDT 2016
# IP Build 1577682 on Fri Jun  3 12:00:54 MDT 2016
# Start of session at: Tue Oct 10 16:09:51 2017
# Process ID: 5424
# Current directory: D:/MyWork/EE2020_Project_Template.xpr/audio_effects
# Command line: vivado.exe -gui_launcher_event rodinguilauncherevent2776 D:\MyWork\EE2020_Project_Template.xpr\audio_effects\audio_effects.xpr
# Log file: D:/MyWork/EE2020_Project_Template.xpr/audio_effects/vivado.log
# Journal file: D:/MyWork/EE2020_Project_Template.xpr/audio_effects\vivado.jou
#-----------------------------------------------------------
start_gui
open_project D:/MyWork/EE2020_Project_Template.xpr/audio_effects/audio_effects.xpr
Scanning sources...
Finished scanning sources
INFO: [IP_Flow 19-234] Refreshing IP repositories
INFO: [IP_Flow 19-1704] No user IP repositories specified
INFO: [IP_Flow 19-2313] Loaded Vivado IP repository 'C:/Xilinx/Vivado/2016.2/data/ip'.
set_property source_mgmt_mode None [current_project]
exit
INFO: [Common 17-206] Exiting Vivado at Tue Oct 10 16:10:20 2017...
